<?xml version="1.0" encoding="UTF-8"?>
<!-- Generated by org.testng.reporters.JUnitReportReporter -->
<testsuite hostname="CBT-MH-000" name="TestPackage.ValidateCarBookingAsUser" tests="1" failures="0" timestamp="29 Oct 2019 07:06:34 GMT" time="12.143" errors="0">
  <testcase name="BookAsExistingUser" time="12.143" classname="TestPackage.ValidateCarBookingAsUser"/>
</testsuite> <!-- TestPackage.ValidateCarBookingAsUser -->
