<?xml version="1.0" encoding="UTF-8"?>
<!-- Generated by org.testng.reporters.JUnitReportReporter -->
<testsuite hostname="CBT-MH-000" name="TestPackage.ValidateSignUpPage" tests="1" failures="0" timestamp="31 Oct 2019 06:23:56 GMT" time="8.018" errors="0">
  <testcase name="CheckSignUpPage" time="8.018" classname="TestPackage.ValidateSignUpPage"/>
</testsuite> <!-- TestPackage.ValidateSignUpPage -->
